{"/root/api-devops-demo/src/app.js": {"path":"/root/api-devops-demo/src/app.js","statementMap":{"0":{"start":{"line":1,"column":16},"end":{"line":1,"column":34}},"1":{"start":{"line":2,"column":15},"end":{"line":2,"column":32}},"2":{"start":{"line":3,"column":13},"end":{"line":3,"column":28}},"3":{"start":{"line":4,"column":18},"end":{"line":4,"column":47}},"4":{"start":{"line":5,"column":15},"end":{"line":5,"column":34}},"5":{"start":{"line":6,"column":34},"end":{"line":6,"column":64}},"6":{"start":{"line":8,"column":21},"end":{"line":8,"column":47}},"7":{"start":{"line":9,"column":19},"end":{"line":9,"column":43}},"8":{"start":{"line":10,"column":20},"end":{"line":10,"column":45}},"9":{"start":{"line":12,"column":12},"end":{"line":12,"column":21}},"10":{"start":{"line":15,"column":0},"end":{"line":15,"column":17}},"11":{"start":{"line":16,"column":0},"end":{"line":16,"column":15}},"12":{"start":{"line":17,"column":0},"end":{"line":17,"column":23}},"13":{"start":{"line":18,"column":0},"end":{"line":18,"column":22}},"14":{"start":{"line":21,"column":16},"end":{"line":25,"column":2}},"15":{"start":{"line":26,"column":0},"end":{"line":26,"column":16}},"16":{"start":{"line":29,"column":0},"end":{"line":29,"column":52}},"17":{"start":{"line":30,"column":0},"end":{"line":30,"column":48}},"18":{"start":{"line":31,"column":0},"end":{"line":31,"column":50}},"19":{"start":{"line":34,"column":0},"end":{"line":39,"column":2}},"20":{"start":{"line":35,"column":2},"end":{"line":38,"column":4}},"21":{"start":{"line":42,"column":0},"end":{"line":45,"column":2}},"22":{"start":{"line":43,"column":2},"end":{"line":43,"column":58}},"23":{"start":{"line":44,"column":2},"end":{"line":44,"column":78}},"24":{"start":{"line":48,"column":0},"end":{"line":56,"column":1}},"25":{"start":{"line":49,"column":2},"end":{"line":55,"column":4}},"26":{"start":{"line":50,"column":4},"end":{"line":54,"column":6}},"27":{"start":{"line":58,"column":0},"end":{"line":58,"column":20}}},"fnMap":{"0":{"name":"(anonymous_0)","decl":{"start":{"line":34,"column":8},"end":{"line":34,"column":9}},"loc":{"start":{"line":34,"column":22},"end":{"line":39,"column":1}},"line":34},"1":{"name":"(anonymous_1)","decl":{"start":{"line":42,"column":8},"end":{"line":42,"column":9}},"loc":{"start":{"line":42,"column":33},"end":{"line":45,"column":1}},"line":42},"2":{"name":"(anonymous_2)","decl":{"start":{"line":49,"column":26},"end":{"line":49,"column":27}},"loc":{"start":{"line":49,"column":32},"end":{"line":55,"column":3}},"line":49}},"branchMap":{"0":{"loc":{"start":{"line":48,"column":0},"end":{"line":56,"column":1}},"type":"if","locations":[{"start":{"line":48,"column":0},"end":{"line":56,"column":1}},{"start":{},"end":{}}],"line":48}},"s":{"0":3,"1":3,"2":3,"3":3,"4":3,"5":3,"6":3,"7":3,"8":3,"9":3,"10":3,"11":3,"12":3,"13":3,"14":3,"15":3,"16":3,"17":3,"18":3,"19":3,"20":0,"21":3,"22":0,"23":0,"24":3,"25":0,"26":0,"27":3},"f":{"0":0,"1":0,"2":0},"b":{"0":[0,3]},"_coverageSchema":"1a1c01bbd47fc00a2c39e90264f33305004495a9","hash":"0536e7204a2303dfefe4ab50eac5d4cd57480f6c"}
,"/root/api-devops-demo/src/config/index.js": {"path":"/root/api-devops-demo/src/config/index.js","statementMap":{"0":{"start":{"line":1,"column":0},"end":{"line":12,"column":1}}},"fnMap":{},"branchMap":{"0":{"loc":{"start":{"line":2,"column":8},"end":{"line":2,"column":32}},"type":"binary-expr","locations":[{"start":{"line":2,"column":8},"end":{"line":2,"column":24}},{"start":{"line":2,"column":28},"end":{"line":2,"column":32}}],"line":2},"1":{"loc":{"start":{"line":3,"column":11},"end":{"line":3,"column":48}},"type":"binary-expr","locations":[{"start":{"line":3,"column":11},"end":{"line":3,"column":31}},{"start":{"line":3,"column":35},"end":{"line":3,"column":48}}],"line":3},"2":{"loc":{"start":{"line":5,"column":12},"end":{"line":5,"column":65}},"type":"binary-expr","locations":[{"start":{"line":5,"column":12},"end":{"line":5,"column":34}},{"start":{"line":5,"column":38},"end":{"line":5,"column":65}}],"line":5}},"s":{"0":3},"f":{},"b":{"0":[3,3],"1":[3,0],"2":[3,3]},"_coverageSchema":"1a1c01bbd47fc00a2c39e90264f33305004495a9","hash":"8719b49999a20175fbbae5a8f213c1357e1f6d09"}
,"/root/api-devops-demo/src/middleware/auth.js": {"path":"/root/api-devops-demo/src/middleware/auth.js","statementMap":{"0":{"start":{"line":1,"column":12},"end":{"line":1,"column":35}},"1":{"start":{"line":2,"column":15},"end":{"line":2,"column":35}},"2":{"start":{"line":3,"column":19},"end":{"line":3,"column":38}},"3":{"start":{"line":5,"column":26},"end":{"line":27,"column":1}},"4":{"start":{"line":6,"column":21},"end":{"line":6,"column":49}},"5":{"start":{"line":7,"column":16},"end":{"line":7,"column":54}},"6":{"start":{"line":9,"column":2},"end":{"line":14,"column":3}},"7":{"start":{"line":10,"column":4},"end":{"line":13,"column":6}},"8":{"start":{"line":16,"column":2},"end":{"line":26,"column":4}},"9":{"start":{"line":17,"column":4},"end":{"line":23,"column":5}},"10":{"start":{"line":18,"column":6},"end":{"line":18,"column":59}},"11":{"start":{"line":19,"column":6},"end":{"line":22,"column":8}},"12":{"start":{"line":24,"column":4},"end":{"line":24,"column":19}},"13":{"start":{"line":25,"column":4},"end":{"line":25,"column":10}},"14":{"start":{"line":29,"column":0},"end":{"line":29,"column":38}}},"fnMap":{"0":{"name":"(anonymous_0)","decl":{"start":{"line":5,"column":26},"end":{"line":5,"column":27}},"loc":{"start":{"line":5,"column":46},"end":{"line":27,"column":1}},"line":5},"1":{"name":"(anonymous_1)","decl":{"start":{"line":16,"column":39},"end":{"line":16,"column":40}},"loc":{"start":{"line":16,"column":54},"end":{"line":26,"column":3}},"line":16}},"branchMap":{"0":{"loc":{"start":{"line":7,"column":16},"end":{"line":7,"column":54}},"type":"binary-expr","locations":[{"start":{"line":7,"column":16},"end":{"line":7,"column":26}},{"start":{"line":7,"column":30},"end":{"line":7,"column":54}}],"line":7},"1":{"loc":{"start":{"line":9,"column":2},"end":{"line":14,"column":3}},"type":"if","locations":[{"start":{"line":9,"column":2},"end":{"line":14,"column":3}},{"start":{},"end":{}}],"line":9},"2":{"loc":{"start":{"line":17,"column":4},"end":{"line":23,"column":5}},"type":"if","locations":[{"start":{"line":17,"column":4},"end":{"line":23,"column":5}},{"start":{},"end":{}}],"line":17}},"s":{"0":3,"1":3,"2":3,"3":3,"4":5,"5":5,"6":5,"7":2,"8":3,"9":3,"10":1,"11":1,"12":2,"13":2,"14":3},"f":{"0":5,"1":3},"b":{"0":[5,3],"1":[2,3],"2":[1,2]},"_coverageSchema":"1a1c01bbd47fc00a2c39e90264f33305004495a9","hash":"b8eb51273b6fd6bc6ec1791b09d0ff4aed59ed0e"}
,"/root/api-devops-demo/src/middleware/logger.js": {"path":"/root/api-devops-demo/src/middleware/logger.js","statementMap":{"0":{"start":{"line":1,"column":16},"end":{"line":1,"column":34}},"1":{"start":{"line":3,"column":15},"end":{"line":12,"column":2}},"2":{"start":{"line":14,"column":22},"end":{"line":26,"column":1}},"3":{"start":{"line":15,"column":16},"end":{"line":15,"column":26}},"4":{"start":{"line":16,"column":2},"end":{"line":24,"column":4}},"5":{"start":{"line":17,"column":4},"end":{"line":23,"column":6}},"6":{"start":{"line":25,"column":2},"end":{"line":25,"column":8}},"7":{"start":{"line":28,"column":0},"end":{"line":28,"column":42}}},"fnMap":{"0":{"name":"(anonymous_0)","decl":{"start":{"line":14,"column":22},"end":{"line":14,"column":23}},"loc":{"start":{"line":14,"column":42},"end":{"line":26,"column":1}},"line":14},"1":{"name":"(anonymous_1)","decl":{"start":{"line":16,"column":19},"end":{"line":16,"column":20}},"loc":{"start":{"line":16,"column":25},"end":{"line":24,"column":3}},"line":16}},"branchMap":{"0":{"loc":{"start":{"line":4,"column":9},"end":{"line":4,"column":40}},"type":"binary-expr","locations":[{"start":{"line":4,"column":9},"end":{"line":4,"column":30}},{"start":{"line":4,"column":34},"end":{"line":4,"column":40}}],"line":4}},"s":{"0":3,"1":3,"2":3,"3":14,"4":14,"5":14,"6":14,"7":3},"f":{"0":14,"1":14},"b":{"0":[3,3]},"_coverageSchema":"1a1c01bbd47fc00a2c39e90264f33305004495a9","hash":"11779a2d0548a056e876de7db646832bb9ea3b64"}
,"/root/api-devops-demo/src/routes/auth.js": {"path":"/root/api-devops-demo/src/routes/auth.js","statementMap":{"0":{"start":{"line":1,"column":16},"end":{"line":1,"column":34}},"1":{"start":{"line":2,"column":15},"end":{"line":2,"column":31}},"2":{"start":{"line":3,"column":15},"end":{"line":3,"column":34}},"3":{"start":{"line":4,"column":12},"end":{"line":4,"column":35}},"4":{"start":{"line":5,"column":23},"end":{"line":5,"column":38}},"5":{"start":{"line":6,"column":15},"end":{"line":6,"column":35}},"6":{"start":{"line":7,"column":19},"end":{"line":7,"column":50}},"7":{"start":{"line":10,"column":14},"end":{"line":10,"column":16}},"8":{"start":{"line":13,"column":0},"end":{"line":53,"column":2}},"9":{"start":{"line":14,"column":2},"end":{"line":52,"column":3}},"10":{"start":{"line":15,"column":42},"end":{"line":15,"column":50}},"11":{"start":{"line":17,"column":4},"end":{"line":22,"column":5}},"12":{"start":{"line":18,"column":6},"end":{"line":21,"column":8}},"13":{"start":{"line":24,"column":25},"end":{"line":24,"column":59}},"14":{"start":{"line":24,"column":41},"end":{"line":24,"column":58}},"15":{"start":{"line":25,"column":4},"end":{"line":30,"column":5}},"16":{"start":{"line":26,"column":6},"end":{"line":29,"column":8}},"17":{"start":{"line":32,"column":27},"end":{"line":32,"column":58}},"18":{"start":{"line":33,"column":17},"end":{"line":39,"column":5}},"19":{"start":{"line":41,"column":4},"end":{"line":41,"column":20}},"20":{"start":{"line":42,"column":4},"end":{"line":42,"column":70}},"21":{"start":{"line":44,"column":4},"end":{"line":48,"column":6}},"22":{"start":{"line":50,"column":4},"end":{"line":50,"column":61}},"23":{"start":{"line":51,"column":4},"end":{"line":51,"column":72}},"24":{"start":{"line":56,"column":0},"end":{"line":100,"column":2}},"25":{"start":{"line":57,"column":2},"end":{"line":99,"column":3}},"26":{"start":{"line":58,"column":32},"end":{"line":58,"column":40}},"27":{"start":{"line":60,"column":4},"end":{"line":65,"column":5}},"28":{"start":{"line":61,"column":6},"end":{"line":64,"column":8}},"29":{"start":{"line":67,"column":17},"end":{"line":67,"column":51}},"30":{"start":{"line":67,"column":33},"end":{"line":67,"column":50}},"31":{"start":{"line":68,"column":4},"end":{"line":73,"column":5}},"32":{"start":{"line":69,"column":6},"end":{"line":72,"column":8}},"33":{"start":{"line":75,"column":26},"end":{"line":75,"column":71}},"34":{"start":{"line":76,"column":4},"end":{"line":81,"column":5}},"35":{"start":{"line":77,"column":6},"end":{"line":80,"column":8}},"36":{"start":{"line":83,"column":18},"end":{"line":87,"column":5}},"37":{"start":{"line":89,"column":4},"end":{"line":89,"column":57}},"38":{"start":{"line":91,"column":4},"end":{"line":95,"column":6}},"39":{"start":{"line":97,"column":4},"end":{"line":97,"column":58}},"40":{"start":{"line":98,"column":4},"end":{"line":98,"column":72}},"41":{"start":{"line":102,"column":0},"end":{"line":102,"column":23}}},"fnMap":{"0":{"name":"(anonymous_0)","decl":{"start":{"line":13,"column":25},"end":{"line":13,"column":26}},"loc":{"start":{"line":13,"column":45},"end":{"line":53,"column":1}},"line":13},"1":{"name":"(anonymous_1)","decl":{"start":{"line":24,"column":36},"end":{"line":24,"column":37}},"loc":{"start":{"line":24,"column":41},"end":{"line":24,"column":58}},"line":24},"2":{"name":"(anonymous_2)","decl":{"start":{"line":56,"column":22},"end":{"line":56,"column":23}},"loc":{"start":{"line":56,"column":42},"end":{"line":100,"column":1}},"line":56},"3":{"name":"(anonymous_3)","decl":{"start":{"line":67,"column":28},"end":{"line":67,"column":29}},"loc":{"start":{"line":67,"column":33},"end":{"line":67,"column":50}},"line":67}},"branchMap":{"0":{"loc":{"start":{"line":17,"column":4},"end":{"line":22,"column":5}},"type":"if","locations":[{"start":{"line":17,"column":4},"end":{"line":22,"column":5}},{"start":{},"end":{}}],"line":17},"1":{"loc":{"start":{"line":17,"column":8},"end":{"line":17,"column":40}},"type":"binary-expr","locations":[{"start":{"line":17,"column":8},"end":{"line":17,"column":17}},{"start":{"line":17,"column":21},"end":{"line":17,"column":27}},{"start":{"line":17,"column":31},"end":{"line":17,"column":40}}],"line":17},"2":{"loc":{"start":{"line":25,"column":4},"end":{"line":30,"column":5}},"type":"if","locations":[{"start":{"line":25,"column":4},"end":{"line":30,"column":5}},{"start":{},"end":{}}],"line":25},"3":{"loc":{"start":{"line":60,"column":4},"end":{"line":65,"column":5}},"type":"if","locations":[{"start":{"line":60,"column":4},"end":{"line":65,"column":5}},{"start":{},"end":{}}],"line":60},"4":{"loc":{"start":{"line":60,"column":8},"end":{"line":60,"column":27}},"type":"binary-expr","locations":[{"start":{"line":60,"column":8},"end":{"line":60,"column":14}},{"start":{"line":60,"column":18},"end":{"line":60,"column":27}}],"line":60},"5":{"loc":{"start":{"line":68,"column":4},"end":{"line":73,"column":5}},"type":"if","locations":[{"start":{"line":68,"column":4},"end":{"line":73,"column":5}},{"start":{},"end":{}}],"line":68},"6":{"loc":{"start":{"line":76,"column":4},"end":{"line":81,"column":5}},"type":"if","locations":[{"start":{"line":76,"column":4},"end":{"line":81,"column":5}},{"start":{},"end":{}}],"line":76}},"s":{"0":3,"1":3,"2":3,"3":3,"4":3,"5":3,"6":3,"7":3,"8":3,"9":4,"10":4,"11":4,"12":1,"13":3,"14":1,"15":3,"16":0,"17":3,"18":3,"19":3,"20":3,"21":3,"22":0,"23":0,"24":3,"25":3,"26":3,"27":3,"28":0,"29":3,"30":5,"31":3,"32":0,"33":3,"34":3,"35":1,"36":2,"37":2,"38":2,"39":0,"40":0,"41":3},"f":{"0":4,"1":1,"2":3,"3":5},"b":{"0":[1,3],"1":[4,3,3],"2":[0,3],"3":[0,3],"4":[3,3],"5":[0,3],"6":[1,2]},"_coverageSchema":"1a1c01bbd47fc00a2c39e90264f33305004495a9","hash":"f29d407ead9baa5d730d59eec5f9586258c6ea37"}
,"/root/api-devops-demo/src/routes/health.js": {"path":"/root/api-devops-demo/src/routes/health.js","statementMap":{"0":{"start":{"line":1,"column":16},"end":{"line":1,"column":34}},"1":{"start":{"line":2,"column":15},"end":{"line":2,"column":31}},"2":{"start":{"line":3,"column":20},"end":{"line":3,"column":49}},"3":{"start":{"line":6,"column":0},"end":{"line":14,"column":2}},"4":{"start":{"line":7,"column":2},"end":{"line":13,"column":4}},"5":{"start":{"line":17,"column":0},"end":{"line":22,"column":2}},"6":{"start":{"line":18,"column":2},"end":{"line":21,"column":4}},"7":{"start":{"line":24,"column":0},"end":{"line":24,"column":23}}},"fnMap":{"0":{"name":"(anonymous_0)","decl":{"start":{"line":6,"column":16},"end":{"line":6,"column":17}},"loc":{"start":{"line":6,"column":30},"end":{"line":14,"column":1}},"line":6},"1":{"name":"(anonymous_1)","decl":{"start":{"line":17,"column":21},"end":{"line":17,"column":22}},"loc":{"start":{"line":17,"column":35},"end":{"line":22,"column":1}},"line":17}},"branchMap":{"0":{"loc":{"start":{"line":12,"column":17},"end":{"line":12,"column":54}},"type":"binary-expr","locations":[{"start":{"line":12,"column":17},"end":{"line":12,"column":37}},{"start":{"line":12,"column":41},"end":{"line":12,"column":54}}],"line":12}},"s":{"0":3,"1":3,"2":3,"3":3,"4":1,"5":3,"6":1,"7":3},"f":{"0":1,"1":1},"b":{"0":[1,0]},"_coverageSchema":"1a1c01bbd47fc00a2c39e90264f33305004495a9","hash":"c1a41a2433404bf334373311c3c09eb79ccaddfa"}
,"/root/api-devops-demo/src/routes/users.js": {"path":"/root/api-devops-demo/src/routes/users.js","statementMap":{"0":{"start":{"line":1,"column":16},"end":{"line":1,"column":34}},"1":{"start":{"line":2,"column":15},"end":{"line":2,"column":31}},"2":{"start":{"line":3,"column":30},"end":{"line":3,"column":59}},"3":{"start":{"line":4,"column":19},"end":{"line":4,"column":50}},"4":{"start":{"line":7,"column":17},"end":{"line":7,"column":52}},"5":{"start":{"line":7,"column":23},"end":{"line":7,"column":52}},"6":{"start":{"line":10,"column":0},"end":{"line":28,"column":2}},"7":{"start":{"line":11,"column":2},"end":{"line":27,"column":3}},"8":{"start":{"line":12,"column":18},"end":{"line":12,"column":28}},"9":{"start":{"line":13,"column":22},"end":{"line":13,"column":64}},"10":{"start":{"line":13,"column":59},"end":{"line":13,"column":63}},"11":{"start":{"line":15,"column":4},"end":{"line":15,"column":73}},"12":{"start":{"line":17,"column":4},"end":{"line":23,"column":6}},"13":{"start":{"line":25,"column":4},"end":{"line":25,"column":62}},"14":{"start":{"line":26,"column":4},"end":{"line":26,"column":72}},"15":{"start":{"line":31,"column":0},"end":{"line":53,"column":2}},"16":{"start":{"line":32,"column":2},"end":{"line":52,"column":3}},"17":{"start":{"line":33,"column":18},"end":{"line":33,"column":28}},"18":{"start":{"line":34,"column":17},"end":{"line":34,"column":56}},"19":{"start":{"line":34,"column":33},"end":{"line":34,"column":55}},"20":{"start":{"line":36,"column":4},"end":{"line":41,"column":5}},"21":{"start":{"line":37,"column":6},"end":{"line":40,"column":8}},"22":{"start":{"line":43,"column":38},"end":{"line":43,"column":42}},"23":{"start":{"line":45,"column":4},"end":{"line":48,"column":6}},"24":{"start":{"line":50,"column":4},"end":{"line":50,"column":61}},"25":{"start":{"line":51,"column":4},"end":{"line":51,"column":72}},"26":{"start":{"line":55,"column":0},"end":{"line":55,"column":23}}},"fnMap":{"0":{"name":"(anonymous_0)","decl":{"start":{"line":7,"column":17},"end":{"line":7,"column":18}},"loc":{"start":{"line":7,"column":23},"end":{"line":7,"column":52}},"line":7},"1":{"name":"(anonymous_1)","decl":{"start":{"line":10,"column":35},"end":{"line":10,"column":36}},"loc":{"start":{"line":10,"column":49},"end":{"line":28,"column":1}},"line":10},"2":{"name":"(anonymous_2)","decl":{"start":{"line":13,"column":32},"end":{"line":13,"column":33}},"loc":{"start":{"line":13,"column":59},"end":{"line":13,"column":63}},"line":13},"3":{"name":"(anonymous_3)","decl":{"start":{"line":31,"column":38},"end":{"line":31,"column":39}},"loc":{"start":{"line":31,"column":52},"end":{"line":53,"column":1}},"line":31},"4":{"name":"(anonymous_4)","decl":{"start":{"line":34,"column":28},"end":{"line":34,"column":29}},"loc":{"start":{"line":34,"column":33},"end":{"line":34,"column":55}},"line":34}},"branchMap":{"0":{"loc":{"start":{"line":7,"column":23},"end":{"line":7,"column":52}},"type":"binary-expr","locations":[{"start":{"line":7,"column":23},"end":{"line":7,"column":46}},{"start":{"line":7,"column":50},"end":{"line":7,"column":52}}],"line":7},"1":{"loc":{"start":{"line":36,"column":4},"end":{"line":41,"column":5}},"type":"if","locations":[{"start":{"line":36,"column":4},"end":{"line":41,"column":5}},{"start":{},"end":{}}],"line":36}},"s":{"0":3,"1":3,"2":3,"3":3,"4":3,"5":2,"6":3,"7":1,"8":1,"9":1,"10":0,"11":1,"12":1,"13":0,"14":0,"15":3,"16":1,"17":1,"18":1,"19":0,"20":1,"21":1,"22":0,"23":0,"24":0,"25":0,"26":3},"f":{"0":2,"1":1,"2":0,"3":1,"4":0},"b":{"0":[2,2],"1":[1,0]},"_coverageSchema":"1a1c01bbd47fc00a2c39e90264f33305004495a9","hash":"59abac3e734d07499756c4a276cbf1c4c2f1a956"}
}
