TN:
SF:src/app.js
FN:34,(anonymous_0)
FN:42,(anonymous_1)
FN:49,(anonymous_2)
FNF:3
FNH:0
FNDA:0,(anonymous_0)
FNDA:0,(anonymous_1)
FNDA:0,(anonymous_2)
DA:1,3
DA:2,3
DA:3,3
DA:4,3
DA:5,3
DA:6,3
DA:8,3
DA:9,3
DA:10,3
DA:12,3
DA:15,3
DA:16,3
DA:17,3
DA:18,3
DA:21,3
DA:26,3
DA:29,3
DA:30,3
DA:31,3
DA:34,3
DA:35,0
DA:42,3
DA:43,0
DA:44,0
DA:48,3
DA:49,0
DA:50,0
DA:58,3
LF:28
LH:23
BRDA:48,0,0,0
BRDA:48,0,1,3
BRF:2
BRH:1
end_of_record
TN:
SF:src/config/index.js
FNF:0
FNH:0
DA:1,3
LF:1
LH:1
BRDA:2,0,0,3
BRDA:2,0,1,3
BRDA:3,1,0,3
BRDA:3,1,1,0
BRDA:5,2,0,3
BRDA:5,2,1,3
BRF:6
BRH:5
end_of_record
TN:
SF:src/middleware/auth.js
FN:5,(anonymous_0)
FN:16,(anonymous_1)
FNF:2
FNH:2
FNDA:5,(anonymous_0)
FNDA:3,(anonymous_1)
DA:1,3
DA:2,3
DA:3,3
DA:5,3
DA:6,5
DA:7,5
DA:9,5
DA:10,2
DA:16,3
DA:17,3
DA:18,1
DA:19,1
DA:24,2
DA:25,2
DA:29,3
LF:15
LH:15
BRDA:7,0,0,5
BRDA:7,0,1,3
BRDA:9,1,0,2
BRDA:9,1,1,3
BRDA:17,2,0,1
BRDA:17,2,1,2
BRF:6
BRH:6
end_of_record
TN:
SF:src/middleware/logger.js
FN:14,(anonymous_0)
FN:16,(anonymous_1)
FNF:2
FNH:2
FNDA:14,(anonymous_0)
FNDA:14,(anonymous_1)
DA:1,3
DA:3,3
DA:14,3
DA:15,14
DA:16,14
DA:17,14
DA:25,14
DA:28,3
LF:8
LH:8
BRDA:4,0,0,3
BRDA:4,0,1,3
BRF:2
BRH:2
end_of_record
TN:
SF:src/routes/auth.js
FN:13,(anonymous_0)
FN:24,(anonymous_1)
FN:56,(anonymous_2)
FN:67,(anonymous_3)
FNF:4
FNH:4
FNDA:4,(anonymous_0)
FNDA:1,(anonymous_1)
FNDA:3,(anonymous_2)
FNDA:5,(anonymous_3)
DA:1,3
DA:2,3
DA:3,3
DA:4,3
DA:5,3
DA:6,3
DA:7,3
DA:10,3
DA:13,3
DA:14,4
DA:15,4
DA:17,4
DA:18,1
DA:24,3
DA:25,3
DA:26,0
DA:32,3
DA:33,3
DA:41,3
DA:42,3
DA:44,3
DA:50,0
DA:51,0
DA:56,3
DA:57,3
DA:58,3
DA:60,3
DA:61,0
DA:67,5
DA:68,3
DA:69,0
DA:75,3
DA:76,3
DA:77,1
DA:83,2
DA:89,2
DA:91,2
DA:97,0
DA:98,0
DA:102,3
LF:40
LH:33
BRDA:17,0,0,1
BRDA:17,0,1,3
BRDA:17,1,0,4
BRDA:17,1,1,3
BRDA:17,1,2,3
BRDA:25,2,0,0
BRDA:25,2,1,3
BRDA:60,3,0,0
BRDA:60,3,1,3
BRDA:60,4,0,3
BRDA:60,4,1,3
BRDA:68,5,0,0
BRDA:68,5,1,3
BRDA:76,6,0,1
BRDA:76,6,1,2
BRF:15
BRH:12
end_of_record
TN:
SF:src/routes/health.js
FN:6,(anonymous_0)
FN:17,(anonymous_1)
FNF:2
FNH:2
FNDA:1,(anonymous_0)
FNDA:1,(anonymous_1)
DA:1,3
DA:2,3
DA:3,3
DA:6,3
DA:7,1
DA:17,3
DA:18,1
DA:24,3
LF:8
LH:8
BRDA:12,0,0,1
BRDA:12,0,1,0
BRF:2
BRH:1
end_of_record
TN:
SF:src/routes/users.js
FN:7,(anonymous_0)
FN:10,(anonymous_1)
FN:13,(anonymous_2)
FN:31,(anonymous_3)
FN:34,(anonymous_4)
FNF:5
FNH:3
FNDA:2,(anonymous_0)
FNDA:1,(anonymous_1)
FNDA:0,(anonymous_2)
FNDA:1,(anonymous_3)
FNDA:0,(anonymous_4)
DA:1,3
DA:2,3
DA:3,3
DA:4,3
DA:7,3
DA:10,3
DA:11,1
DA:12,1
DA:13,1
DA:15,1
DA:17,1
DA:25,0
DA:26,0
DA:31,3
DA:32,1
DA:33,1
DA:34,1
DA:36,1
DA:37,1
DA:43,0
DA:45,0
DA:50,0
DA:51,0
DA:55,3
LF:24
LH:18
BRDA:7,0,0,2
BRDA:7,0,1,2
BRDA:36,1,0,1
BRDA:36,1,1,0
BRF:4
BRH:3
end_of_record
